ERROR:root:EXC: name 'TestCases' is not defined
ERROR:root:EXC: name 'TestCases' is not defined
INFO:root:TC_1_2_popup_openPositions FAILED X beendet Popup NICHT
INFO:root:TC_1_2_popup_openPositions FAILED X beendet Popup NICHT
ERROR:root:EXC: No module named 'TC_1_2_popup_openPositions'
ERROR:root:EXC: No module named 'TC_1_2_popup_openPositions'
ERROR:root:EXC: No module named 'TC_1_2_popup_openPositions'
ERROR:root:EXC TC1_2: 'NoneType' object has no attribute 'find_element'
ERROR:root:EXC: 'NoneType' object has no attribute 'close'
ERROR:root:EXC TC1_2: 'NoneType' object has no attribute 'find_element'
ERROR:root:EXC: 'NoneType' object has no attribute 'close'
INFO:root:Message: Element <button class="pum-close popmake-close" type="button"> could not be scrolled into view

